0 info it worked if it ends with ok
1 verbose cli [
1 verbose cli   '/usr/local/bin/node',
1 verbose cli   '/usr/local/bin/npm',
1 verbose cli   'install',
1 verbose cli   '--ignore-scripts',
1 verbose cli   '@types/express@ts3.6',
1 verbose cli   '@types/nodemon@ts3.6',
1 verbose cli   '@types/sqlite3@ts3.6',
1 verbose cli   '@types/abbrev@ts3.6',
1 verbose cli   '@types/accepts@ts3.6',
1 verbose cli   '@types/ansi-align@ts3.6',
1 verbose cli   '@types/are-we-there-yet@ts3.6',
1 verbose cli   '@types/asn1@ts3.6',
1 verbose cli   '@types/assert-plus@ts3.6',
1 verbose cli   '@types/aws4@ts3.6',
1 verbose cli   '@types/balanced-match@ts3.6',
1 verbose cli   '@types/body-parser@ts3.6',
1 verbose cli   '@types/brace-expansion@ts3.6',
1 verbose cli   '@types/braces@ts3.6',
1 verbose cli   '@types/bytes@ts3.6',
1 verbose cli   '@types/caseless@ts3.6',
1 verbose cli   '@types/chownr@ts3.6',
1 verbose cli   '@types/color-convert@ts3.6',
1 verbose cli   '@types/color-name@ts3.6',
1 verbose cli   '@types/combined-stream@ts3.6',
1 verbose cli   '@types/concat-map@ts3.6',
1 verbose cli   '@types/configstore@ts3.6',
1 verbose cli   '@types/content-disposition@ts3.6',
1 verbose cli   '@types/content-type@ts3.6',
1 verbose cli   '@types/cookie@ts3.6',
1 verbose cli   '@types/cookie-signature@ts3.6',
1 verbose cli   '@types/dashdash@ts3.6',
1 verbose cli   '@types/debug@ts3.6',
1 verbose cli   '@types/deep-extend@ts3.6',
1 verbose cli   '@types/delegates@ts3.6',
1 verbose cli   '@types/depd@ts3.6',
1 verbose cli   '@types/destroy@ts3.6',
1 verbose cli   '@types/detect-libc@ts3.6',
1 verbose cli   '@types/duplexer3@ts3.6',
1 verbose cli   '@types/ee-first@ts3.6',
1 verbose cli   '@types/encodeurl@ts3.6',
1 verbose cli   '@types/end-of-stream@ts3.6',
1 verbose cli   '@types/escape-html@ts3.6',
1 verbose cli   '@types/etag@ts3.6',
1 verbose cli   '@types/extend@ts3.6',
1 verbose cli   '@types/extsprintf@ts3.6',
1 verbose cli   '@types/fill-range@ts3.6',
1 verbose cli   '@types/finalhandler@ts3.6',
1 verbose cli   '@types/forever-agent@ts3.6',
1 verbose cli   '@types/forwarded@ts3.6',
1 verbose cli   '@types/fresh@ts3.6',
1 verbose cli   '@types/fs-minipass@ts3.6',
1 verbose cli   '@types/gauge@ts3.6',
1 verbose cli   '@types/getpass@ts3.6',
1 verbose cli   '@types/glob-parent@ts3.6',
1 verbose cli   '@types/graceful-fs@ts3.6',
1 verbose cli   '@types/http-cache-semantics@ts3.6',
1 verbose cli   '@types/http-errors@ts3.6',
1 verbose cli   '@types/http-signature@ts3.6',
1 verbose cli   '@types/ignore-walk@ts3.6',
1 verbose cli   '@types/imurmurhash@ts3.6',
1 verbose cli   '@types/inherits@ts3.6',
1 verbose cli   '@types/ini@ts3.6',
1 verbose cli   '@types/is-ci@ts3.6',
1 verbose cli   '@types/is-glob@ts3.6',
1 verbose cli   '@types/is-number@ts3.6',
1 verbose cli   '@types/is-typedarray@ts3.6',
1 verbose cli   '@types/isarray@ts3.6',
1 verbose cli   '@types/isexe@ts3.6',
1 verbose cli   '@types/isstream@ts3.6',
1 verbose cli   '@types/jsbn@ts3.6',
1 verbose cli   '@types/json-buffer@ts3.6',
1 verbose cli   '@types/json-schema@ts3.6',
1 verbose cli   '@types/json-stringify-safe@ts3.6',
1 verbose cli   '@types/jsprim@ts3.6',
1 verbose cli   '@types/media-typer@ts3.6',
1 verbose cli   '@types/merge-descriptors@ts3.6',
1 verbose cli   '@types/methods@ts3.6',
1 verbose cli   '@types/mime@ts3.6',
1 verbose cli   '@types/mime-db@ts3.6',
1 verbose cli   '@types/mime-types@ts3.6',
1 verbose cli   '@types/minimist@ts3.6',
1 verbose cli   '@types/minizlib@ts3.6',
1 verbose cli   '@types/ms@ts3.6',
1 verbose cli   '@types/needle@ts3.6',
1 verbose cli   '@types/negotiator@ts3.6',
1 verbose cli   '@types/nopt@ts3.6',
1 verbose cli   '@types/normalize-path@ts3.6',
1 verbose cli   '@types/npm-packlist@ts3.6',
1 verbose cli   '@types/npmlog@ts3.6',
1 verbose cli   '@types/number-is-nan@ts3.6',
1 verbose cli   '@types/object-assign@ts3.6',
1 verbose cli   '@types/on-finished@ts3.6',
1 verbose cli   '@types/once@ts3.6',
1 verbose cli   '@types/os-homedir@ts3.6',
1 verbose cli   '@types/os-tmpdir@ts3.6',
1 verbose cli   '@types/osenv@ts3.6',
1 verbose cli   '@types/parseurl@ts3.6',
1 verbose cli   '@types/path-is-absolute@ts3.6',
1 verbose cli   '@types/picomatch@ts3.6',
1 verbose cli   '@types/proxy-addr@ts3.6',
1 verbose cli   ... 40 more items
1 verbose cli ]
2 info using npm@6.14.6
3 info using node@v12.18.3
4 verbose npm-session 3119f165de8b1c77
5 silly install loadCurrentTree
6 silly install readLocalPackageData
7 http fetch GET 200 https://registry.npmjs.org/@types%2fnodemon 516ms
8 http fetch GET 200 https://registry.npmjs.org/@types%2fasn1 513ms
9 http fetch GET 200 https://registry.npmjs.org/@types%2fabbrev 518ms
10 http fetch GET 200 https://registry.npmjs.org/@types%2faccepts 517ms
11 http fetch GET 200 https://registry.npmjs.org/@types%2fansi-align 517ms
12 http fetch GET 200 https://registry.npmjs.org/@types%2fassert-plus 514ms
13 silly fetchPackageMetaData error for @types/ansi-align@ts3.6 No matching version found for @types/ansi-align@ts3.6.
14 http fetch GET 200 https://registry.npmjs.org/@types%2fexpress 543ms
15 http fetch GET 200 https://registry.npmjs.org/@types%2fare-we-there-yet 574ms
16 http fetch GET 200 https://registry.npmjs.org/@types%2faws4 602ms
17 http fetch GET 200 https://registry.npmjs.org/@types/accepts/-/accepts-1.3.5.tgz 106ms
18 http fetch GET 200 https://registry.npmjs.org/@types%2fbalanced-match 127ms
19 silly pacote tag manifest for @types/accepts@ts3.6 fetched in 679ms
20 http fetch GET 200 https://registry.npmjs.org/@types/express/-/express-4.17.13.tgz 174ms
21 http fetch GET 200 https://registry.npmjs.org/@types/are-we-there-yet/-/are-we-there-yet-1.1.0.tgz 157ms
22 silly pacote tag manifest for @types/express@ts3.6 fetched in 748ms
23 http fetch GET 200 https://registry.npmjs.org/@types/asn1/-/asn1-0.2.0.tgz 205ms
24 silly pacote tag manifest for @types/are-we-there-yet@ts3.6 fetched in 755ms
25 silly pacote tag manifest for @types/asn1@ts3.6 fetched in 782ms
26 http fetch GET 200 https://registry.npmjs.org/@types%2fbody-parser 131ms
27 http fetch GET 200 https://registry.npmjs.org/@types%2fbraces 109ms
28 http fetch GET 200 https://registry.npmjs.org/@types%2fbrace-expansion 130ms
29 http fetch GET 200 https://registry.npmjs.org/@types%2fbytes 105ms
30 http fetch GET 200 https://registry.npmjs.org/@types/brace-expansion/-/brace-expansion-1.1.0.tgz 182ms
31 silly pacote tag manifest for @types/brace-expansion@ts3.6 fetched in 350ms
32 http fetch GET 200 https://registry.npmjs.org/@types/balanced-match/-/balanced-match-1.0.1.tgz 433ms
33 silly pacote tag manifest for @types/balanced-match@ts3.6 fetched in 588ms
34 http fetch GET 200 https://registry.npmjs.org/@types%2fcaseless 77ms
35 http fetch GET 200 https://registry.npmjs.org/@types%2fchownr 138ms
36 http fetch GET 200 https://registry.npmjs.org/@types/caseless/-/caseless-0.12.2.tgz 180ms
37 http fetch GET 200 https://registry.npmjs.org/@types/bytes/-/bytes-3.1.1.tgz 462ms
38 silly pacote tag manifest for @types/caseless@ts3.6 fetched in 273ms
39 silly pacote tag manifest for @types/bytes@ts3.6 fetched in 586ms
40 http fetch GET 200 https://registry.npmjs.org/@types%2fcolor-convert 73ms
41 http fetch GET 200 https://registry.npmjs.org/@types%2fcolor-name 67ms
42 http fetch GET 200 https://registry.npmjs.org/@types/color-name/-/color-name-1.1.1.tgz 64ms
43 silly pacote tag manifest for @types/color-name@ts3.6 fetched in 137ms
44 http fetch GET 200 https://registry.npmjs.org/@types%2fcombined-stream 61ms
45 http fetch GET 200 https://registry.npmjs.org/@types/aws4/-/aws4-1.5.2.tgz 1068ms
46 silly pacote tag manifest for @types/aws4@ts3.6 fetched in 1678ms
47 http fetch GET 200 https://registry.npmjs.org/@types/chownr/-/chownr-1.0.0.tgz 436ms
48 silly pacote tag manifest for @types/chownr@ts3.6 fetched in 587ms
49 http fetch GET 200 https://registry.npmjs.org/@types%2fconcat-map 74ms
50 http fetch GET 200 https://registry.npmjs.org/@types/abbrev/-/abbrev-1.1.1.tgz 1223ms
51 silly pacote tag manifest for @types/abbrev@ts3.6 fetched in 1789ms
52 http fetch GET 200 https://registry.npmjs.org/@types%2fconfigstore 83ms
53 http fetch GET 200 https://registry.npmjs.org/@types/nodemon/-/nodemon-1.19.1.tgz 1289ms
54 silly pacote tag manifest for @types/nodemon@ts3.6 fetched in 1830ms
55 http fetch GET 200 https://registry.npmjs.org/@types%2fcontent-disposition 60ms
56 http fetch GET 200 https://registry.npmjs.org/@types%2fcontent-type 80ms
57 http fetch GET 200 https://registry.npmjs.org/@types/assert-plus/-/assert-plus-1.0.4.tgz 1416ms
58 silly pacote tag manifest for @types/assert-plus@ts3.6 fetched in 1988ms
59 http fetch GET 200 https://registry.npmjs.org/@types%2fcookie 86ms
60 http fetch GET 200 https://registry.npmjs.org/@types/braces/-/braces-3.0.1.tgz 1215ms
61 silly pacote tag manifest for @types/braces@ts3.6 fetched in 1329ms
62 http fetch GET 200 https://registry.npmjs.org/@types/body-parser/-/body-parser-1.19.1.tgz 1296ms
63 silly pacote tag manifest for @types/body-parser@ts3.6 fetched in 1445ms
64 http fetch GET 200 https://registry.npmjs.org/@types%2fdashdash 115ms
65 http fetch GET 200 https://registry.npmjs.org/@types/cookie/-/cookie-0.4.1.tgz 130ms
66 http fetch GET 200 https://registry.npmjs.org/@types%2fcookie-signature 164ms
67 silly pacote tag manifest for @types/cookie@ts3.6 fetched in 267ms
68 http fetch GET 200 https://registry.npmjs.org/@types%2fdebug 72ms
69 http fetch GET 200 https://registry.npmjs.org/@types/dashdash/-/dashdash-1.14.1.tgz 180ms
70 silly pacote tag manifest for @types/dashdash@ts3.6 fetched in 306ms
71 http fetch GET 200 https://registry.npmjs.org/@types/debug/-/debug-4.1.7.tgz 118ms
72 silly pacote tag manifest for @types/debug@ts3.6 fetched in 212ms
73 http fetch GET 200 https://registry.npmjs.org/@types%2fdeep-extend 104ms
74 http fetch GET 200 https://registry.npmjs.org/@types%2fdelegates 108ms
75 silly fetchPackageMetaData error for @types/delegates@ts3.6 No matching version found for @types/delegates@ts3.6.
76 http fetch GET 200 https://registry.npmjs.org/@types%2fsqlite3 2647ms
77 http fetch GET 200 https://registry.npmjs.org/@types/color-convert/-/color-convert-2.0.0.tgz 1299ms
78 http fetch GET 200 https://registry.npmjs.org/@types%2fdepd 159ms
79 http fetch GET 200 https://registry.npmjs.org/@types/cookie-signature/-/cookie-signature-1.0.3.tgz 489ms
80 silly pacote tag manifest for @types/color-convert@ts3.6 fetched in 1381ms
81 silly pacote tag manifest for @types/cookie-signature@ts3.6 fetched in 660ms
82 http fetch GET 200 https://registry.npmjs.org/@types/combined-stream/-/combined-stream-1.0.3.tgz 1212ms
83 silly pacote tag manifest for @types/combined-stream@ts3.6 fetched in 1291ms
84 http fetch GET 200 https://registry.npmjs.org/@types/depd/-/depd-1.1.32.tgz 102ms
85 silly pacote tag manifest for @types/depd@ts3.6 fetched in 265ms
86 http fetch GET 200 https://registry.npmjs.org/@types%2fdestroy 132ms
87 http fetch GET 200 https://registry.npmjs.org/@types%2fdetect-libc 131ms
88 http fetch GET 200 https://registry.npmjs.org/@types/configstore/-/configstore-5.0.1.tgz 1200ms
89 http fetch GET 200 https://registry.npmjs.org/@types%2fee-first 157ms
90 http fetch GET 200 https://registry.npmjs.org/@types/concat-map/-/concat-map-0.0.1.tgz 1257ms
91 silly pacote tag manifest for @types/configstore@ts3.6 fetched in 1308ms
92 silly pacote tag manifest for @types/concat-map@ts3.6 fetched in 1379ms
93 http fetch GET 200 https://registry.npmjs.org/@types/destroy/-/destroy-1.0.0.tgz 217ms
94 silly pacote tag manifest for @types/destroy@ts3.6 fetched in 354ms
95 http fetch GET 200 https://registry.npmjs.org/@types%2fencodeurl 106ms
96 http fetch GET 200 https://registry.npmjs.org/@types/content-type/-/content-type-1.1.5.tgz 1225ms
97 silly pacote tag manifest for @types/content-type@ts3.6 fetched in 1310ms
98 http fetch GET 200 https://registry.npmjs.org/@types%2fend-of-stream 119ms
99 http fetch GET 200 https://registry.npmjs.org/@types%2fescape-html 101ms
100 http fetch GET 200 https://registry.npmjs.org/@types/content-disposition/-/content-disposition-0.5.4.tgz 1351ms
101 silly pacote tag manifest for @types/content-disposition@ts3.6 fetched in 1419ms
102 http fetch GET 200 https://registry.npmjs.org/@types%2fetag 130ms
103 http fetch GET 200 https://registry.npmjs.org/@types%2fextend 79ms
104 http fetch GET 200 https://registry.npmjs.org/@types/etag/-/etag-1.8.1.tgz 141ms
105 silly pacote tag manifest for @types/etag@ts3.6 fetched in 275ms
106 http fetch GET 200 https://registry.npmjs.org/@types/extend/-/extend-3.0.1.tgz 165ms
107 silly pacote tag manifest for @types/extend@ts3.6 fetched in 252ms
108 http fetch GET 200 https://registry.npmjs.org/@types%2fextsprintf 58ms
109 http fetch GET 200 https://registry.npmjs.org/@types%2ffill-range 68ms
110 silly fetchPackageMetaData error for @types/fill-range@ts3.6 No matching version found for @types/fill-range@ts3.6.
111 http fetch GET 200 https://registry.npmjs.org/@types/extsprintf/-/extsprintf-1.4.1.tgz 125ms
112 http fetch GET 200 https://registry.npmjs.org/@types%2ffinalhandler 69ms
113 silly pacote tag manifest for @types/extsprintf@ts3.6 fetched in 191ms
114 http fetch GET 200 https://registry.npmjs.org/@types%2fforever-agent 67ms
115 http fetch GET 200 https://registry.npmjs.org/@types/deep-extend/-/deep-extend-0.4.31.tgz 1184ms
116 silly pacote tag manifest for @types/deep-extend@ts3.6 fetched in 1296ms
117 http fetch GET 200 https://registry.npmjs.org/@types/end-of-stream/-/end-of-stream-1.4.1.tgz 559ms
118 silly pacote tag manifest for @types/end-of-stream@ts3.6 fetched in 685ms
119 http fetch GET 200 https://registry.npmjs.org/@types%2fforwarded 66ms
120 http fetch GET 200 https://registry.npmjs.org/@types/forever-agent/-/forever-agent-0.6.1.tgz 134ms
121 http fetch GET 200 https://registry.npmjs.org/@types%2ffresh 61ms
122 silly pacote tag manifest for @types/forever-agent@ts3.6 fetched in 209ms
123 http fetch GET 200 https://registry.npmjs.org/@types%2ffs-minipass 70ms
124 silly fetchPackageMetaData error for @types/fs-minipass@ts3.6 No matching version found for @types/fs-minipass@ts3.6.
125 http fetch GET 200 https://registry.npmjs.org/@types/sqlite3/-/sqlite3-3.1.7.tgz 1240ms
126 silly pacote tag manifest for @types/sqlite3@ts3.6 fetched in 3898ms
127 http fetch GET 200 https://registry.npmjs.org/@types%2fgauge 59ms
128 silly fetchPackageMetaData error for @types/gauge@ts3.6 No matching version found for @types/gauge@ts3.6.
129 http fetch GET 200 https://registry.npmjs.org/@types%2fgetpass 59ms
130 http fetch GET 200 https://registry.npmjs.org/@types%2fglob-parent 80ms
131 http fetch GET 200 https://registry.npmjs.org/@types/getpass/-/getpass-0.1.1.tgz 133ms
132 silly pacote tag manifest for @types/getpass@ts3.6 fetched in 197ms
133 http fetch GET 200 https://registry.npmjs.org/@types/detect-libc/-/detect-libc-1.0.0.tgz 1221ms
134 silly pacote tag manifest for @types/detect-libc@ts3.6 fetched in 1388ms
135 http fetch GET 200 https://registry.npmjs.org/@types%2fgraceful-fs 85ms
136 http fetch GET 200 https://registry.npmjs.org/@types%2fhttp-cache-semantics 88ms
137 http fetch GET 200 https://registry.npmjs.org/@types%2fduplexer3 1431ms
138 http fetch GET 200 https://registry.npmjs.org/@types/escape-html/-/escape-html-1.0.1.tgz 1108ms
139 silly pacote tag manifest for @types/escape-html@ts3.6 fetched in 1213ms
140 http fetch GET 200 https://registry.npmjs.org/@types/ee-first/-/ee-first-1.1.0.tgz 1310ms
141 silly pacote tag manifest for @types/ee-first@ts3.6 fetched in 1488ms
142 http fetch GET 200 https://registry.npmjs.org/@types%2fhttp-errors 77ms
143 http fetch GET 200 https://registry.npmjs.org/@types%2fhttp-signature 64ms
144 silly fetchPackageMetaData error for @types/http-signature@ts3.6 No matching version found for @types/http-signature@ts3.6.
145 http fetch GET 200 https://registry.npmjs.org/@types/http-cache-semantics/-/http-cache-semantics-4.0.1.tgz 186ms
146 silly pacote tag manifest for @types/http-cache-semantics@ts3.6 fetched in 278ms
147 http fetch GET 200 https://registry.npmjs.org/@types/encodeurl/-/encodeurl-1.0.0.tgz 1306ms
148 silly pacote tag manifest for @types/encodeurl@ts3.6 fetched in 1431ms
149 http fetch GET 200 https://registry.npmjs.org/@types%2fignore-walk 62ms
150 http fetch GET 200 https://registry.npmjs.org/@types%2fimurmurhash 66ms
151 http fetch GET 200 https://registry.npmjs.org/@types%2finherits 63ms
152 http fetch GET 200 https://registry.npmjs.org/@types/inherits/-/inherits-0.0.30.tgz 65ms
153 silly pacote tag manifest for @types/inherits@ts3.6 fetched in 133ms
154 http fetch GET 200 https://registry.npmjs.org/@types%2fini 84ms
155 http fetch GET 200 https://registry.npmjs.org/@types/finalhandler/-/finalhandler-1.1.1.tgz 1221ms
156 silly pacote tag manifest for @types/finalhandler@ts3.6 fetched in 1297ms
157 http fetch GET 200 https://registry.npmjs.org/@types/forwarded/-/forwarded-0.1.0.tgz 1100ms
158 silly pacote tag manifest for @types/forwarded@ts3.6 fetched in 1173ms
159 http fetch GET 200 https://registry.npmjs.org/@types%2fis-ci 75ms
160 http fetch GET 200 https://registry.npmjs.org/@types%2fis-glob 71ms
161 http fetch GET 200 https://registry.npmjs.org/@types/fresh/-/fresh-0.5.0.tgz 1209ms
162 silly pacote tag manifest for @types/fresh@ts3.6 fetched in 1277ms
163 http fetch GET 200 https://registry.npmjs.org/@types%2fis-number 82ms
164 http fetch GET 200 https://registry.npmjs.org/@types/glob-parent/-/glob-parent-5.1.1.tgz 1264ms
165 silly pacote tag manifest for @types/glob-parent@ts3.6 fetched in 1350ms
166 http fetch GET 200 https://registry.npmjs.org/@types/duplexer3/-/duplexer3-0.1.1.tgz 1116ms
167 silly pacote tag manifest for @types/duplexer3@ts3.6 fetched in 2552ms
168 http fetch GET 200 https://registry.npmjs.org/@types%2fis-typedarray 58ms
169 http fetch GET 200 https://registry.npmjs.org/@types/graceful-fs/-/graceful-fs-4.1.4.tgz 1200ms
170 silly pacote tag manifest for @types/graceful-fs@ts3.6 fetched in 1289ms
171 http fetch GET 200 https://registry.npmjs.org/@types%2fisarray 75ms
172 http fetch GET 200 https://registry.npmjs.org/@types%2fisexe 70ms
173 http fetch GET 200 https://registry.npmjs.org/@types/http-errors/-/http-errors-1.8.1.tgz 1207ms
174 silly pacote tag manifest for @types/http-errors@ts3.6 fetched in 1292ms
175 http fetch GET 200 https://registry.npmjs.org/@types/is-number/-/is-number-7.0.1.tgz 485ms
176 silly pacote tag manifest for @types/is-number@ts3.6 fetched in 600ms
177 http fetch GET 200 https://registry.npmjs.org/@types%2fisstream 67ms
178 http fetch GET 200 https://registry.npmjs.org/@types/imurmurhash/-/imurmurhash-0.1.1.tgz 1229ms
179 silly pacote tag manifest for @types/imurmurhash@ts3.6 fetched in 1312ms
180 http fetch GET 200 https://registry.npmjs.org/@types/ignore-walk/-/ignore-walk-3.0.2.tgz 1259ms
181 silly pacote tag manifest for @types/ignore-walk@ts3.6 fetched in 1330ms
182 http fetch GET 200 https://registry.npmjs.org/@types%2fjsbn 122ms
183 http fetch GET 200 https://registry.npmjs.org/@types%2fjson-buffer 104ms
184 http fetch GET 200 https://registry.npmjs.org/@types%2fjson-schema 147ms
185 http fetch GET 200 https://registry.npmjs.org/@types/jsbn/-/jsbn-1.2.29.tgz 136ms
186 silly pacote tag manifest for @types/jsbn@ts3.6 fetched in 263ms
187 http fetch GET 200 https://registry.npmjs.org/@types/ini/-/ini-1.3.30.tgz 1211ms
188 silly pacote tag manifest for @types/ini@ts3.6 fetched in 1308ms
189 http fetch GET 200 https://registry.npmjs.org/@types/json-schema/-/json-schema-7.0.9.tgz 72ms
190 http fetch GET 200 https://registry.npmjs.org/@types%2fjson-stringify-safe 65ms
191 silly pacote tag manifest for @types/json-schema@ts3.6 fetched in 228ms
192 http fetch GET 200 https://registry.npmjs.org/@types%2fjsprim 71ms
193 silly fetchPackageMetaData error for @types/jsprim@ts3.6 No matching version found for @types/jsprim@ts3.6.
194 http fetch GET 200 https://registry.npmjs.org/@types%2fmerge-descriptors 81ms
195 http fetch GET 200 https://registry.npmjs.org/@types%2fmedia-typer 96ms
196 http fetch GET 200 https://registry.npmjs.org/@types/json-stringify-safe/-/json-stringify-safe-5.0.0.tgz 147ms
197 silly pacote tag manifest for @types/json-stringify-safe@ts3.6 fetched in 220ms
198 http fetch GET 200 https://registry.npmjs.org/@types/merge-descriptors/-/merge-descriptors-1.0.1.tgz 89ms
199 silly pacote tag manifest for @types/merge-descriptors@ts3.6 fetched in 176ms
200 http fetch GET 200 https://registry.npmjs.org/@types/is-glob/-/is-glob-4.0.2.tgz 1192ms
201 http fetch GET 200 https://registry.npmjs.org/@types/is-ci/-/is-ci-3.0.0.tgz 1266ms
202 http fetch GET 200 https://registry.npmjs.org/@types%2fmethods 68ms
203 silly pacote tag manifest for @types/is-glob@ts3.6 fetched in 1279ms
204 silly pacote tag manifest for @types/is-ci@ts3.6 fetched in 1357ms
205 http fetch GET 200 https://registry.npmjs.org/@types/methods/-/methods-1.1.1.tgz 60ms
206 silly pacote tag manifest for @types/methods@ts3.6 fetched in 133ms
207 http fetch GET 200 https://registry.npmjs.org/@types%2fmime 104ms
208 http fetch GET 200 https://registry.npmjs.org/@types%2fmime-types 100ms
209 http fetch GET 200 https://registry.npmjs.org/@types%2fmime-db 106ms
210 http fetch GET 200 https://registry.npmjs.org/@types%2fminimist 129ms
211 http fetch GET 200 https://registry.npmjs.org/@types/mime-db/-/mime-db-1.43.1.tgz 121ms
212 silly pacote tag manifest for @types/mime-db@ts3.6 fetched in 243ms
213 http fetch GET 200 https://registry.npmjs.org/@types/minimist/-/minimist-1.2.2.tgz 88ms
214 silly pacote tag manifest for @types/minimist@ts3.6 fetched in 236ms
215 http fetch GET 200 https://registry.npmjs.org/@types/media-typer/-/media-typer-1.1.1.tgz 424ms
216 silly pacote tag manifest for @types/media-typer@ts3.6 fetched in 527ms
217 http fetch GET 200 https://registry.npmjs.org/@types%2fminizlib 104ms
218 http fetch GET 200 https://registry.npmjs.org/@types/isarray/-/isarray-2.0.0.tgz 1125ms
219 http fetch GET 200 https://registry.npmjs.org/@types%2fms 80ms
220 silly pacote tag manifest for @types/isarray@ts3.6 fetched in 1210ms
221 http fetch GET 200 https://registry.npmjs.org/@types%2fneedle 96ms
222 http fetch GET 200 https://registry.npmjs.org/@types/is-typedarray/-/is-typedarray-1.0.0.tgz 1261ms
223 silly pacote tag manifest for @types/is-typedarray@ts3.6 fetched in 1324ms
224 http fetch GET 200 https://registry.npmjs.org/@types%2fnegotiator 78ms
225 http fetch GET 200 https://registry.npmjs.org/@types/ms/-/ms-0.7.31.tgz 82ms
226 silly pacote tag manifest for @types/ms@ts3.6 fetched in 169ms
227 http fetch GET 200 https://registry.npmjs.org/@types%2fnopt 60ms
228 http fetch GET 200 https://registry.npmjs.org/@types%2fnormalize-path 55ms
229 http fetch GET 200 https://registry.npmjs.org/@types/isexe/-/isexe-2.0.1.tgz 1254ms
230 silly pacote tag manifest for @types/isexe@ts3.6 fetched in 1330ms
231 http fetch GET 200 https://registry.npmjs.org/@types%2fnpm-packlist 61ms
232 http fetch GET 200 https://registry.npmjs.org/@types/npm-packlist/-/npm-packlist-1.1.2.tgz 59ms
233 silly pacote tag manifest for @types/npm-packlist@ts3.6 fetched in 126ms
234 http fetch GET 200 https://registry.npmjs.org/@types/isstream/-/isstream-0.1.0.tgz 1186ms
235 silly pacote tag manifest for @types/isstream@ts3.6 fetched in 1259ms
236 http fetch GET 200 https://registry.npmjs.org/@types%2fnpmlog 74ms
237 http fetch GET 200 https://registry.npmjs.org/@types/json-buffer/-/json-buffer-3.0.0.tgz 1235ms
238 silly pacote tag manifest for @types/json-buffer@ts3.6 fetched in 1344ms
239 http fetch GET 200 https://registry.npmjs.org/@types%2fobject-assign 101ms
240 http fetch GET 200 https://registry.npmjs.org/@types/object-assign/-/object-assign-4.0.30.tgz 65ms
241 silly pacote tag manifest for @types/object-assign@ts3.6 fetched in 173ms
242 http fetch GET 200 https://registry.npmjs.org/@types/mime/-/mime-2.0.3.tgz 1202ms
243 silly pacote tag manifest for @types/mime@ts3.6 fetched in 1313ms
244 http fetch GET 200 https://registry.npmjs.org/@types/mime-types/-/mime-types-2.1.1.tgz 1268ms
245 silly pacote tag manifest for @types/mime-types@ts3.6 fetched in 1373ms
246 http fetch GET 200 https://registry.npmjs.org/@types%2fonce 131ms
247 http fetch GET 200 https://registry.npmjs.org/@types%2fos-homedir 126ms
248 http fetch GET 200 https://registry.npmjs.org/@types/needle/-/needle-2.5.2.tgz 1103ms
249 silly pacote tag manifest for @types/needle@ts3.6 fetched in 1204ms
250 http fetch GET 200 https://registry.npmjs.org/@types/minizlib/-/minizlib-2.1.2.tgz 1252ms
251 silly pacote tag manifest for @types/minizlib@ts3.6 fetched in 1363ms
252 http fetch GET 200 https://registry.npmjs.org/@types/negotiator/-/negotiator-0.6.1.tgz 1234ms
253 silly pacote tag manifest for @types/negotiator@ts3.6 fetched in 1318ms
254 http fetch GET 200 https://registry.npmjs.org/@types/nopt/-/nopt-3.0.29.tgz 1226ms
255 http fetch GET 200 https://registry.npmjs.org/@types/normalize-path/-/normalize-path-3.0.0.tgz 1236ms
256 silly pacote tag manifest for @types/normalize-path@ts3.6 fetched in 1296ms
257 silly pacote tag manifest for @types/nopt@ts3.6 fetched in 1341ms
258 http fetch GET 200 https://registry.npmjs.org/@types%2fparseurl 93ms
259 http fetch GET 200 https://registry.npmjs.org/@types%2fpath-is-absolute 63ms
260 http fetch GET 200 https://registry.npmjs.org/@types%2fpicomatch 96ms
261 http fetch GET 200 https://registry.npmjs.org/@types/path-is-absolute/-/path-is-absolute-1.0.0.tgz 74ms
262 silly pacote tag manifest for @types/path-is-absolute@ts3.6 fetched in 142ms
263 http fetch GET 200 https://registry.npmjs.org/@types%2fproxy-addr 72ms
264 http fetch GET 200 https://registry.npmjs.org/@types/parseurl/-/parseurl-1.3.1.tgz 192ms
265 http fetch GET 200 https://registry.npmjs.org/@types/npmlog/-/npmlog-4.1.3.tgz 1258ms
266 silly pacote tag manifest for @types/parseurl@ts3.6 fetched in 305ms
267 silly pacote tag manifest for @types/npmlog@ts3.6 fetched in 1352ms
268 http fetch GET 200 https://registry.npmjs.org/@types%2fpsl 66ms
269 http fetch GET 200 https://registry.npmjs.org/@types%2fpump 64ms
270 http fetch GET 200 https://registry.npmjs.org/@types%2fnumber-is-nan 1498ms
271 http fetch GET 200 https://registry.npmjs.org/@types/picomatch/-/picomatch-2.2.6.tgz 407ms
272 silly pacote tag manifest for @types/picomatch@ts3.6 fetched in 562ms
273 http fetch GET 200 https://registry.npmjs.org/@types%2fpunycode 79ms
274 http fetch GET 200 https://registry.npmjs.org/@types/pump/-/pump-1.1.1.tgz 439ms
275 silly pacote tag manifest for @types/pump@ts3.6 fetched in 509ms
276 http fetch GET 200 https://registry.npmjs.org/@types%2fqs 75ms
277 http fetch GET 200 https://registry.npmjs.org/@types/once/-/once-1.4.0.tgz 1229ms
278 silly pacote tag manifest for @types/once@ts3.6 fetched in 1367ms
279 http fetch GET 200 https://registry.npmjs.org/@types/qs/-/qs-6.9.7.tgz 91ms
280 silly pacote tag manifest for @types/qs@ts3.6 fetched in 173ms
281 http fetch GET 200 https://registry.npmjs.org/@types%2frange-parser 107ms
282 http fetch GET 200 https://registry.npmjs.org/@types/os-homedir/-/os-homedir-1.0.0.tgz 1251ms
283 http fetch GET 200 https://registry.npmjs.org/@types%2frc 65ms
284 silly pacote tag manifest for @types/os-homedir@ts3.6 fetched in 1406ms
285 http fetch GET 200 https://registry.npmjs.org/@types/range-parser/-/range-parser-1.2.4.tgz 85ms
286 silly pacote tag manifest for @types/range-parser@ts3.6 fetched in 201ms
287 http fetch GET 200 https://registry.npmjs.org/@types%2freadable-stream 67ms
288 http fetch GET 200 https://registry.npmjs.org/@types%2fregistry-auth-token 70ms
289 http fetch GET 200 https://registry.npmjs.org/@types/proxy-addr/-/proxy-addr-2.0.0.tgz 1143ms
290 silly pacote tag manifest for @types/proxy-addr@ts3.6 fetched in 1220ms
291 http fetch GET 200 https://registry.npmjs.org/@types%2frequest 139ms
292 http fetch GET 200 https://registry.npmjs.org/@types/psl/-/psl-1.1.0.tgz 1223ms
293 silly pacote tag manifest for @types/psl@ts3.6 fetched in 1296ms
294 http fetch GET 200 https://registry.npmjs.org/@types/number-is-nan/-/number-is-nan-2.0.0.tgz 1192ms
295 silly pacote tag manifest for @types/number-is-nan@ts3.6 fetched in 2696ms
296 http fetch GET 200 https://registry.npmjs.org/@types%2fresponselike 84ms
297 http fetch GET 200 https://registry.npmjs.org/@types/request/-/request-2.48.7.tgz 135ms
298 silly pacote tag manifest for @types/request@ts3.6 fetched in 281ms
299 http fetch GET 200 https://registry.npmjs.org/@types%2fon-finished 2381ms
300 http fetch GET 200 https://registry.npmjs.org/@types%2fsafer-buffer 65ms
301 http fetch GET 200 https://registry.npmjs.org/@types%2fsax 101ms
302 http fetch GET 200 https://registry.npmjs.org/@types/on-finished/-/on-finished-2.3.1.tgz 75ms
303 silly pacote tag manifest for @types/on-finished@ts3.6 fetched in 2462ms
304 http fetch GET 200 https://registry.npmjs.org/@types%2fsemver 105ms
305 http fetch GET 200 https://registry.npmjs.org/@types/punycode/-/punycode-2.1.0.tgz 1210ms
306 silly pacote tag manifest for @types/punycode@ts3.6 fetched in 1293ms
307 http fetch GET 200 https://registry.npmjs.org/@types%2fsend 69ms
308 http fetch GET 200 https://registry.npmjs.org/@types/send/-/send-0.17.1.tgz 70ms
309 silly pacote tag manifest for @types/send@ts3.6 fetched in 143ms
310 http fetch GET 200 https://registry.npmjs.org/@types/rc/-/rc-1.2.0.tgz 1144ms
311 http fetch GET 200 https://registry.npmjs.org/@types%2fserve-static 125ms
312 silly pacote tag manifest for @types/rc@ts3.6 fetched in 1221ms
313 http fetch GET 200 https://registry.npmjs.org/@types%2fosenv 2311ms
314 http fetch GET 200 https://registry.npmjs.org/@types/readable-stream/-/readable-stream-2.3.11.tgz 1076ms
315 silly pacote tag manifest for @types/readable-stream@ts3.6 fetched in 1146ms
316 http fetch GET 200 https://registry.npmjs.org/@types/serve-static/-/serve-static-1.13.10.tgz 65ms
317 http fetch GET 200 https://registry.npmjs.org/@types%2fos-tmpdir 2463ms
318 silly pacote tag manifest for @types/serve-static@ts3.6 fetched in 201ms
319 http fetch GET 200 https://registry.npmjs.org/@types%2fset-blocking 70ms
320 silly fetchPackageMetaData error for @types/set-blocking@ts3.6 No matching version found for @types/set-blocking@ts3.6.
321 http fetch GET 200 https://registry.npmjs.org/@types%2fstatuses 61ms
322 http fetch GET 200 https://registry.npmjs.org/@types%2fsshpk 66ms
323 http fetch GET 200 https://registry.npmjs.org/@types%2fsignal-exit 93ms
324 http fetch GET 200 https://registry.npmjs.org/@types/registry-auth-token/-/registry-auth-token-4.2.1.tgz 1233ms
325 silly pacote tag manifest for @types/registry-auth-token@ts3.6 fetched in 1307ms
326 http fetch GET 200 https://registry.npmjs.org/@types/sshpk/-/sshpk-1.10.6.tgz 116ms
327 silly pacote tag manifest for @types/sshpk@ts3.6 fetched in 190ms
328 http fetch GET 200 https://registry.npmjs.org/@types%2ftar 63ms
329 http fetch GET 200 https://registry.npmjs.org/@types%2fsupports-color 91ms
330 http fetch GET 200 https://registry.npmjs.org/@types/osenv/-/osenv-0.1.0.tgz 426ms
331 silly pacote tag manifest for @types/osenv@ts3.6 fetched in 2781ms
332 http fetch GET 200 https://registry.npmjs.org/@types/os-tmpdir/-/os-tmpdir-1.0.0.tgz 418ms
333 silly pacote tag manifest for @types/os-tmpdir@ts3.6 fetched in 2889ms
334 http fetch GET 200 https://registry.npmjs.org/@types%2fto-regex-range 64ms
335 silly fetchPackageMetaData error for @types/to-regex-range@ts3.6 No matching version found for @types/to-regex-range@ts3.6.
336 http fetch GET 200 https://registry.npmjs.org/@types/statuses/-/statuses-2.0.0.tgz 420ms
337 silly pacote tag manifest for @types/statuses@ts3.6 fetched in 487ms
338 http fetch GET 200 https://registry.npmjs.org/@types%2ftoidentifier 70ms
339 silly fetchPackageMetaData error for @types/toidentifier@ts3.6 No matching version found for @types/toidentifier@ts3.6.
340 http fetch GET 200 https://registry.npmjs.org/@types%2ftype-is 63ms
341 http fetch GET 200 https://registry.npmjs.org/@types%2ftouch 85ms
342 http fetch GET 200 https://registry.npmjs.org/@types%2ftough-cookie 76ms
343 http fetch GET 200 https://registry.npmjs.org/@types/responselike/-/responselike-1.0.0.tgz 1184ms
344 silly pacote tag manifest for @types/responselike@ts3.6 fetched in 1272ms
345 http fetch GET 200 https://registry.npmjs.org/@types/safer-buffer/-/safer-buffer-2.1.0.tgz 1150ms
346 silly pacote tag manifest for @types/safer-buffer@ts3.6 fetched in 1219ms
347 http fetch GET 200 https://registry.npmjs.org/@types%2ftypedarray-to-buffer 62ms
348 silly fetchPackageMetaData error for @types/typedarray-to-buffer@ts3.6 No matching version found for @types/typedarray-to-buffer@ts3.6.
349 http fetch GET 200 https://registry.npmjs.org/@types/sax/-/sax-1.2.3.tgz 1147ms
350 silly pacote tag manifest for @types/sax@ts3.6 fetched in 1255ms
351 http fetch GET 200 https://registry.npmjs.org/@types%2fupdate-notifier 91ms
352 http fetch GET 200 https://registry.npmjs.org/@types%2furl-parse-lax 60ms
353 silly fetchPackageMetaData error for @types/url-parse-lax@ts3.6 No matching version found for @types/url-parse-lax@ts3.6.
354 http fetch GET 200 https://registry.npmjs.org/@types%2futil-deprecate 97ms
355 http fetch GET 200 https://registry.npmjs.org/@types%2futils-merge 112ms
356 http fetch GET 200 https://registry.npmjs.org/@types/utils-merge/-/utils-merge-0.0.28.tgz 63ms
357 silly pacote tag manifest for @types/utils-merge@ts3.6 fetched in 180ms
358 http fetch GET 200 https://registry.npmjs.org/@types/touch/-/touch-3.1.2.tgz 399ms
359 silly pacote tag manifest for @types/touch@ts3.6 fetched in 491ms
360 http fetch GET 200 https://registry.npmjs.org/@types/semver/-/semver-7.3.8.tgz 1319ms
361 silly pacote tag manifest for @types/semver@ts3.6 fetched in 1443ms
362 http fetch GET 200 https://registry.npmjs.org/@types%2fuuid 94ms
363 http fetch GET 200 https://registry.npmjs.org/@types%2fvary 93ms
364 http fetch GET 200 https://registry.npmjs.org/@types%2fverror 219ms
365 http fetch GET 200 https://registry.npmjs.org/@types/verror/-/verror-1.10.5.tgz 142ms
366 silly pacote tag manifest for @types/verror@ts3.6 fetched in 367ms
367 http fetch GET 200 https://registry.npmjs.org/@types/signal-exit/-/signal-exit-3.0.1.tgz 1340ms
368 silly pacote tag manifest for @types/signal-exit@ts3.6 fetched in 1441ms
369 http fetch GET 200 https://registry.npmjs.org/@types/tar/-/tar-4.0.5.tgz 1198ms
370 silly pacote tag manifest for @types/tar@ts3.6 fetched in 1293ms
371 http fetch GET 200 https://registry.npmjs.org/@types%2fwhich 133ms
372 http fetch GET 200 https://registry.npmjs.org/@types%2fwrite-file-atomic 65ms
373 http fetch GET 200 https://registry.npmjs.org/@types/supports-color/-/supports-color-8.1.1.tgz 1219ms
374 silly pacote tag manifest for @types/supports-color@ts3.6 fetched in 1346ms
375 http fetch GET 200 https://registry.npmjs.org/@types%2fyallist 67ms
376 http fetch GET 200 https://registry.npmjs.org/@types/type-is/-/type-is-1.6.3.tgz 1195ms
377 silly pacote tag manifest for @types/type-is@ts3.6 fetched in 1264ms
378 http fetch GET 200 https://registry.npmjs.org/@types/tough-cookie/-/tough-cookie-4.0.1.tgz 1185ms
379 silly pacote tag manifest for @types/tough-cookie@ts3.6 fetched in 1283ms
380 http fetch GET 200 https://registry.npmjs.org/@types%2fnode 311ms
381 http fetch GET 200 https://registry.npmjs.org/@types/write-file-atomic/-/write-file-atomic-3.0.2.tgz 428ms
382 silly pacote tag manifest for @types/write-file-atomic@ts3.6 fetched in 497ms
383 http fetch GET 200 https://registry.npmjs.org/@types/update-notifier/-/update-notifier-5.1.0.tgz 1243ms
384 silly pacote tag manifest for @types/update-notifier@ts3.6 fetched in 1339ms
385 http fetch GET 200 https://registry.npmjs.org/@types/yallist/-/yallist-4.0.1.tgz 473ms
386 http fetch GET 200 https://registry.npmjs.org/@types/util-deprecate/-/util-deprecate-1.0.0.tgz 1241ms
387 silly pacote tag manifest for @types/util-deprecate@ts3.6 fetched in 1341ms
388 silly pacote tag manifest for @types/yallist@ts3.6 fetched in 579ms
389 http fetch GET 200 https://registry.npmjs.org/@types/node/-/node-16.6.2.tgz 186ms
390 silly pacote tag manifest for @types/node@ts3.6 fetched in 543ms
391 http fetch GET 200 https://registry.npmjs.org/@types/uuid/-/uuid-8.3.1.tgz 1256ms
392 http fetch GET 200 https://registry.npmjs.org/@types/vary/-/vary-1.1.0.tgz 1196ms
393 silly pacote tag manifest for @types/uuid@ts3.6 fetched in 1358ms
394 silly pacote tag manifest for @types/vary@ts3.6 fetched in 1293ms
395 http fetch GET 200 https://registry.npmjs.org/@types/which/-/which-2.0.1.tgz 1249ms
396 silly pacote tag manifest for @types/which@ts3.6 fetched in 1416ms
397 timing stage:rollbackFailedOptional Completed in 1ms
398 timing stage:runTopLevelLifecycles Completed in 12995ms
399 verbose type tag
400 verbose stack @types/ansi-align: No matching version found for @types/ansi-align@ts3.6.
400 verbose stack     at pickManifest (/usr/local/lib/node_modules/npm/node_modules/npm-pick-manifest/index.js:122:13)
400 verbose stack     at /usr/local/lib/node_modules/npm/node_modules/pacote/lib/fetchers/registry/manifest.js:24:14
400 verbose stack     at tryCatcher (/usr/local/lib/node_modules/npm/node_modules/bluebird/js/release/util.js:16:23)
400 verbose stack     at Promise._settlePromiseFromHandler (/usr/local/lib/node_modules/npm/node_modules/bluebird/js/release/promise.js:517:31)
400 verbose stack     at Promise._settlePromise (/usr/local/lib/node_modules/npm/node_modules/bluebird/js/release/promise.js:574:18)
400 verbose stack     at Promise._settlePromise0 (/usr/local/lib/node_modules/npm/node_modules/bluebird/js/release/promise.js:619:10)
400 verbose stack     at Promise._settlePromises (/usr/local/lib/node_modules/npm/node_modules/bluebird/js/release/promise.js:699:18)
400 verbose stack     at _drainQueueStep (/usr/local/lib/node_modules/npm/node_modules/bluebird/js/release/async.js:138:12)
400 verbose stack     at _drainQueue (/usr/local/lib/node_modules/npm/node_modules/bluebird/js/release/async.js:131:9)
400 verbose stack     at Async._drainQueues (/usr/local/lib/node_modules/npm/node_modules/bluebird/js/release/async.js:147:5)
400 verbose stack     at Immediate.Async.drainQueues [as _onImmediate] (/usr/local/lib/node_modules/npm/node_modules/bluebird/js/release/async.js:17:14)
400 verbose stack     at processImmediate (internal/timers.js:456:21)
401 verbose cwd /home/theia/.cache/typescript/3.6
402 verbose Linux 5.10.16.3-microsoft-standard-WSL2
403 verbose argv "/usr/local/bin/node" "/usr/local/bin/npm" "install" "--ignore-scripts" "@types/express@ts3.6" "@types/nodemon@ts3.6" "@types/sqlite3@ts3.6" "@types/abbrev@ts3.6" "@types/accepts@ts3.6" "@types/ansi-align@ts3.6" "@types/are-we-there-yet@ts3.6" "@types/asn1@ts3.6" "@types/assert-plus@ts3.6" "@types/aws4@ts3.6" "@types/balanced-match@ts3.6" "@types/body-parser@ts3.6" "@types/brace-expansion@ts3.6" "@types/braces@ts3.6" "@types/bytes@ts3.6" "@types/caseless@ts3.6" "@types/chownr@ts3.6" "@types/color-convert@ts3.6" "@types/color-name@ts3.6" "@types/combined-stream@ts3.6" "@types/concat-map@ts3.6" "@types/configstore@ts3.6" "@types/content-disposition@ts3.6" "@types/content-type@ts3.6" "@types/cookie@ts3.6" "@types/cookie-signature@ts3.6" "@types/dashdash@ts3.6" "@types/debug@ts3.6" "@types/deep-extend@ts3.6" "@types/delegates@ts3.6" "@types/depd@ts3.6" "@types/destroy@ts3.6" "@types/detect-libc@ts3.6" "@types/duplexer3@ts3.6" "@types/ee-first@ts3.6" "@types/encodeurl@ts3.6" "@types/end-of-stream@ts3.6" "@types/escape-html@ts3.6" "@types/etag@ts3.6" "@types/extend@ts3.6" "@types/extsprintf@ts3.6" "@types/fill-range@ts3.6" "@types/finalhandler@ts3.6" "@types/forever-agent@ts3.6" "@types/forwarded@ts3.6" "@types/fresh@ts3.6" "@types/fs-minipass@ts3.6" "@types/gauge@ts3.6" "@types/getpass@ts3.6" "@types/glob-parent@ts3.6" "@types/graceful-fs@ts3.6" "@types/http-cache-semantics@ts3.6" "@types/http-errors@ts3.6" "@types/http-signature@ts3.6" "@types/ignore-walk@ts3.6" "@types/imurmurhash@ts3.6" "@types/inherits@ts3.6" "@types/ini@ts3.6" "@types/is-ci@ts3.6" "@types/is-glob@ts3.6" "@types/is-number@ts3.6" "@types/is-typedarray@ts3.6" "@types/isarray@ts3.6" "@types/isexe@ts3.6" "@types/isstream@ts3.6" "@types/jsbn@ts3.6" "@types/json-buffer@ts3.6" "@types/json-schema@ts3.6" "@types/json-stringify-safe@ts3.6" "@types/jsprim@ts3.6" "@types/media-typer@ts3.6" "@types/merge-descriptors@ts3.6" "@types/methods@ts3.6" "@types/mime@ts3.6" "@types/mime-db@ts3.6" "@types/mime-types@ts3.6" "@types/minimist@ts3.6" "@types/minizlib@ts3.6" "@types/ms@ts3.6" "@types/needle@ts3.6" "@types/negotiator@ts3.6" "@types/nopt@ts3.6" "@types/normalize-path@ts3.6" "@types/npm-packlist@ts3.6" "@types/npmlog@ts3.6" "@types/number-is-nan@ts3.6" "@types/object-assign@ts3.6" "@types/on-finished@ts3.6" "@types/once@ts3.6" "@types/os-homedir@ts3.6" "@types/os-tmpdir@ts3.6" "@types/osenv@ts3.6" "@types/parseurl@ts3.6" "@types/path-is-absolute@ts3.6" "@types/picomatch@ts3.6" "@types/proxy-addr@ts3.6" "@types/psl@ts3.6" "@types/pump@ts3.6" "@types/punycode@ts3.6" "@types/qs@ts3.6" "@types/range-parser@ts3.6" "@types/rc@ts3.6" "@types/readable-stream@ts3.6" "@types/registry-auth-token@ts3.6" "@types/request@ts3.6" "@types/responselike@ts3.6" "@types/safer-buffer@ts3.6" "@types/sax@ts3.6" "@types/semver@ts3.6" "@types/send@ts3.6" "@types/serve-static@ts3.6" "@types/set-blocking@ts3.6" "@types/signal-exit@ts3.6" "@types/sshpk@ts3.6" "@types/statuses@ts3.6" "@types/supports-color@ts3.6" "@types/tar@ts3.6" "@types/to-regex-range@ts3.6" "@types/toidentifier@ts3.6" "@types/touch@ts3.6" "@types/tough-cookie@ts3.6" "@types/type-is@ts3.6" "@types/typedarray-to-buffer@ts3.6" "@types/update-notifier@ts3.6" "@types/url-parse-lax@ts3.6" "@types/util-deprecate@ts3.6" "@types/utils-merge@ts3.6" "@types/uuid@ts3.6" "@types/vary@ts3.6" "@types/verror@ts3.6" "@types/which@ts3.6" "@types/write-file-atomic@ts3.6" "@types/yallist@ts3.6" "@types/node@ts3.6" "--save-dev" "--user-agent=typesInstaller/3.6.3"
404 verbose node v12.18.3
405 verbose npm  v6.14.6
406 error code ETARGET
407 error notarget No matching version found for @types/ansi-align@ts3.6.
408 error notarget In most cases you or one of your dependencies are requesting
408 error notarget a package version that doesn't exist.
409 verbose exit [ 1, true ]
